This is pdfTeXk, Version 3.141592-1.40.3 (Web2C 7.5.6) (format=latex 2009.4.12)  26 SEP 2010 01:40
entering extended mode
 %&-line parsing enabled.
**deetoo
(./deetoo.tex
LaTeX2e <2005/12/01>
Babel <v3.8h> and hyphenation patterns for english, usenglishmax, dumylang, noh
yphenation, loaded.
(./IEEEtran.cls
Document Class: IEEEtran 2007/03/05 V1.7a by Michael Shell
-- See the "IEEEtran_HOWTO" manual for usage information.
-- http://www.michaelshell.org/tex/ieeetran/
\@IEEEtrantmpdimenA=\dimen102
\@IEEEtrantmpdimenB=\dimen103
\@IEEEtrantmpcountA=\count79
\@IEEEtrantmpcountB=\count80
\@IEEEtrantmptoksA=\toks14
LaTeX Font Info:    Try loading font information for OT1+ptm on input line 366.

(/usr/share/texmf-texlive/tex/latex/psnfss/ot1ptm.fd
File: ot1ptm.fd 2001/06/04 font definitions for OT1/ptm.
)
-- Using 8.5in x 11in (letter) paper.
-- Using DVI output.
\@IEEEnormalsizeunitybaselineskip=\dimen104
-- This is a 10 point document.
\CLASSINFOnormalsizebaselineskip=\dimen105
\CLASSINFOnormalsizeunitybaselineskip=\dimen106
\IEEEnormaljot=\dimen107
LaTeX Font Info:    Font shape `OT1/ptm/bx/n' in size <5> not available
(Font)              Font shape `OT1/ptm/b/n' tried instead on input line 724.
LaTeX Font Info:    Font shape `OT1/ptm/bx/it' in size <5> not available
(Font)              Font shape `OT1/ptm/b/it' tried instead on input line 724.
LaTeX Font Info:    Font shape `OT1/ptm/bx/n' in size <7> not available
(Font)              Font shape `OT1/ptm/b/n' tried instead on input line 724.
LaTeX Font Info:    Font shape `OT1/ptm/bx/it' in size <7> not available
(Font)              Font shape `OT1/ptm/b/it' tried instead on input line 724.
LaTeX Font Info:    Font shape `OT1/ptm/bx/n' in size <8> not available
(Font)              Font shape `OT1/ptm/b/n' tried instead on input line 724.
LaTeX Font Info:    Font shape `OT1/ptm/bx/it' in size <8> not available
(Font)              Font shape `OT1/ptm/b/it' tried instead on input line 724.
LaTeX Font Info:    Font shape `OT1/ptm/bx/n' in size <9> not available
(Font)              Font shape `OT1/ptm/b/n' tried instead on input line 724.
LaTeX Font Info:    Font shape `OT1/ptm/bx/it' in size <9> not available
(Font)              Font shape `OT1/ptm/b/it' tried instead on input line 724.
LaTeX Font Info:    Font shape `OT1/ptm/bx/n' in size <10> not available
(Font)              Font shape `OT1/ptm/b/n' tried instead on input line 724.
LaTeX Font Info:    Font shape `OT1/ptm/bx/it' in size <10> not available
(Font)              Font shape `OT1/ptm/b/it' tried instead on input line 724.
LaTeX Font Info:    Font shape `OT1/ptm/bx/n' in size <11> not available
(Font)              Font shape `OT1/ptm/b/n' tried instead on input line 724.
LaTeX Font Info:    Font shape `OT1/ptm/bx/it' in size <11> not available
(Font)              Font shape `OT1/ptm/b/it' tried instead on input line 724.
LaTeX Font Info:    Font shape `OT1/ptm/bx/n' in size <12> not available
(Font)              Font shape `OT1/ptm/b/n' tried instead on input line 724.
LaTeX Font Info:    Font shape `OT1/ptm/bx/it' in size <12> not available
(Font)              Font shape `OT1/ptm/b/it' tried instead on input line 724.
LaTeX Font Info:    Font shape `OT1/ptm/bx/n' in size <17> not available
(Font)              Font shape `OT1/ptm/b/n' tried instead on input line 724.
LaTeX Font Info:    Font shape `OT1/ptm/bx/it' in size <17> not available
(Font)              Font shape `OT1/ptm/b/it' tried instead on input line 724.
LaTeX Font Info:    Font shape `OT1/ptm/bx/n' in size <20> not available
(Font)              Font shape `OT1/ptm/b/n' tried instead on input line 724.
LaTeX Font Info:    Font shape `OT1/ptm/bx/it' in size <20> not available
(Font)              Font shape `OT1/ptm/b/it' tried instead on input line 724.
LaTeX Font Info:    Font shape `OT1/ptm/bx/n' in size <24> not available
(Font)              Font shape `OT1/ptm/b/n' tried instead on input line 724.
LaTeX Font Info:    Font shape `OT1/ptm/bx/it' in size <24> not available
(Font)              Font shape `OT1/ptm/b/it' tried instead on input line 724.
\IEEEilabelindentA=\dimen108
\IEEEilabelindentB=\dimen109
\IEEEilabelindent=\dimen110
\IEEEelabelindent=\dimen111
\IEEEdlabelindent=\dimen112
\IEEElabelindent=\dimen113
\IEEEiednormlabelsep=\dimen114
\IEEEiedmathlabelsep=\dimen115
\IEEEiedtopsep=\skip41
\c@section=\count81
\c@subsection=\count82
\c@subsubsection=\count83
\c@paragraph=\count84
\c@IEEEsubequation=\count85
\abovecaptionskip=\skip42
\belowcaptionskip=\skip43
\c@figure=\count86
\c@table=\count87
\@IEEEeqnnumcols=\count88
\@IEEEeqncolcnt=\count89
\@IEEEtmpitemindent=\dimen116
\c@IEEEbiography=\count90
\@IEEEtranrubishbin=\box26
) (/usr/share/texmf-texlive/tex/latex/cite/cite.sty
LaTeX Info: Redefining \cite on input line 149.
LaTeX Info: Redefining \nocite on input line 214.
Package: cite 2003/11/04  v 4.01
)
(/usr/share/texmf-texlive/tex/latex/amsfonts/amssymb.sty
Package: amssymb 2002/01/22 v2.2d

(/usr/share/texmf-texlive/tex/latex/amsfonts/amsfonts.sty
Package: amsfonts 2001/10/25 v2.2f
\@emptytoks=\toks15
\symAMSa=\mathgroup4
\symAMSb=\mathgroup5
LaTeX Font Info:    Overwriting math alphabet `\mathfrak' in version `bold'
(Font)                  U/euf/m/n --> U/euf/b/n on input line 132.
))
(/usr/share/texmf-texlive/tex/latex/amsmath/amsmath.sty
Package: amsmath 2000/07/18 v2.13 AMS math features
\@mathmargin=\skip44

For additional information on amsmath, use the `?' option.
(/usr/share/texmf-texlive/tex/latex/amsmath/amstext.sty
Package: amstext 2000/06/29 v2.01

(/usr/share/texmf-texlive/tex/latex/amsmath/amsgen.sty
File: amsgen.sty 1999/11/30 v2.0
\@emptytoks=\toks16
\ex@=\dimen117
))
(/usr/share/texmf-texlive/tex/latex/amsmath/amsbsy.sty
Package: amsbsy 1999/11/29 v1.2d
\pmbraise@=\dimen118
)
(/usr/share/texmf-texlive/tex/latex/amsmath/amsopn.sty
Package: amsopn 1999/12/14 v2.01 operator names
)
\inf@bad=\count91
LaTeX Info: Redefining \frac on input line 211.
\uproot@=\count92
\leftroot@=\count93
LaTeX Info: Redefining \overline on input line 307.
\classnum@=\count94
\DOTSCASE@=\count95
LaTeX Info: Redefining \ldots on input line 379.
LaTeX Info: Redefining \dots on input line 382.
LaTeX Info: Redefining \cdots on input line 467.
\Mathstrutbox@=\box27
\strutbox@=\box28
\big@size=\dimen119
LaTeX Font Info:    Redeclaring font encoding OML on input line 567.
LaTeX Font Info:    Redeclaring font encoding OMS on input line 568.
\macc@depth=\count96
\c@MaxMatrixCols=\count97
\dotsspace@=\muskip10
\c@parentequation=\count98
\dspbrk@lvl=\count99
\tag@help=\toks17
\row@=\count100
\column@=\count101
\maxfields@=\count102
\andhelp@=\toks18
\eqnshift@=\dimen120
\alignsep@=\dimen121
\tagshift@=\dimen122
\tagwidth@=\dimen123
\totwidth@=\dimen124
\lineht@=\dimen125
\@envbody=\toks19
\multlinegap=\skip45
\multlinetaggap=\skip46
\mathdisplay@stack=\toks20
LaTeX Info: Redefining \[ on input line 2666.
LaTeX Info: Redefining \] on input line 2667.
)
(/usr/share/texmf-texlive/tex/latex/graphics/graphicx.sty
Package: graphicx 1999/02/16 v1.0f Enhanced LaTeX Graphics (DPC,SPQR)

(/usr/share/texmf-texlive/tex/latex/graphics/keyval.sty
Package: keyval 1999/03/16 v1.13 key=value parser (DPC)
\KV@toks@=\toks21
)
(/usr/share/texmf-texlive/tex/latex/graphics/graphics.sty
Package: graphics 2006/02/20 v1.0o Standard LaTeX Graphics (DPC,SPQR)

(/usr/share/texmf-texlive/tex/latex/graphics/trig.sty
Package: trig 1999/03/16 v1.09 sin cos tan (DPC)
)
(/etc/texmf/tex/latex/config/graphics.cfg
File: graphics.cfg 2007/01/18 v1.5 graphics configuration of teTeX/TeXLive
)
Package graphics Info: Driver file: dvips.def on input line 90.

(/usr/share/texmf-texlive/tex/latex/graphics/dvips.def
File: dvips.def 1999/02/16 v3.0i Driver-dependant file (DPC,SPQR)
))
\Gin@req@height=\dimen126
\Gin@req@width=\dimen127
) (./algorithm.sty
Package: algorithm 

Document Style `algorithm' - floating environment
(/usr/share/texmf-texlive/tex/latex/float/float.sty
Package: float 2001/11/08 v1.3d Float enhancements (AL)
\c@float@type=\count103
\float@exts=\toks22
\float@box=\box29
\@float@everytoks=\toks23
\@floatcapt=\box30
)
(/usr/share/texmf-texlive/tex/latex/base/ifthen.sty
Package: ifthen 2001/05/26 v1.1c Standard LaTeX ifthen package (DPC)
)
\@float@every@algorithm=\toks24
\c@algorithm=\count104
) (./algorithmic.sty
Package: algorithmic 2006/06/02

Document Style `algorithmic' - environment
(/usr/share/texmf-texlive/tex/latex/tools/calc.sty
Package: calc 2005/08/06 v4.2 Infix arithmetic (KKT,FJ)
\calc@Acount=\count105
\calc@Bcount=\count106
\calc@Adimen=\dimen128
\calc@Bdimen=\dimen129
\calc@Askip=\skip47
\calc@Bskip=\skip48
LaTeX Info: Redefining \setlength on input line 75.
LaTeX Info: Redefining \addtolength on input line 76.
\calc@Ccount=\count107
\calc@Cskip=\skip49
)
\c@ALC@line=\count108
\c@ALC@rem=\count109
\c@ALC@depth=\count110
\ALC@tlm=\skip50
\algorithmicindent=\skip51
)

LaTeX Warning: Unused global option(s):
    [9.5pt,finalsubmission].

(./deetoo.aux)
\openout1 = `deetoo.aux'.

LaTeX Font Info:    Checking defaults for OML/cmm/m/it on input line 11.
LaTeX Font Info:    ... okay on input line 11.
LaTeX Font Info:    Checking defaults for T1/cmr/m/n on input line 11.
LaTeX Font Info:    ... okay on input line 11.
LaTeX Font Info:    Checking defaults for OT1/cmr/m/n on input line 11.
LaTeX Font Info:    ... okay on input line 11.
LaTeX Font Info:    Checking defaults for OMS/cmsy/m/n on input line 11.
LaTeX Font Info:    ... okay on input line 11.
LaTeX Font Info:    Checking defaults for OMX/cmex/m/n on input line 11.
LaTeX Font Info:    ... okay on input line 11.
LaTeX Font Info:    Checking defaults for U/cmr/m/n on input line 11.
LaTeX Font Info:    ... okay on input line 11.
LaTeX Font Info:    Try loading font information for U+msa on input line 35.
 (/usr/share/texmf-texlive/tex/latex/amsfonts/umsa.fd
File: umsa.fd 2002/01/19 v2.2g AMS font definitions
)
LaTeX Font Info:    Try loading font information for U+msb on input line 35.

(/usr/share/texmf-texlive/tex/latex/amsfonts/umsb.fd
File: umsb.fd 2002/01/19 v2.2g AMS font definitions
)
Underfull \hbox (badness 1354) in paragraph at lines 46--51
[]\OT1/ptm/b/it/9 Index Terms\OT1/ptm/b/n/9 ---Peer-to-peer sys-tems, over-lay 
net-work, file
 []

** ATTENTION: \PARstart is deprecated (line 53). Use \IEEEPARstart instead.

Underfull \hbox (badness 1755) in paragraph at lines 53--63
[]\OT1/ptm/m/n/10 INCE the suc-cess of ap-pli-ca-tions like Nap-ster and
 []


Underfull \hbox (badness 1412) in paragraph at lines 80--96
[]\OT1/ptm/m/n/10 In this pa-per we present Dee-too, an ef-fi-cient query-
 []


Underfull \hbox (badness 2343) in paragraph at lines 97--125
\OT1/ptm/m/n/10 broad-cast-ing within a ran-domly se-lected range, Dee-too
 []

[1


] [2]
File: space.eps Graphic file (type eps)
 <space.eps> [3]
File: cache.eps Graphic file (type eps)
 <cache.eps>
File: query.eps Graphic file (type eps)
 <query.eps>
File: combined.eps Graphic file (type eps)
 <combined.eps> [4]
File: tree.eps Graphic file (type eps)
 <tree.eps>
File: cache_1.eps Graphic file (type eps)

<cache_1.eps>
File: cache_2.eps Graphic file (type eps)
 <cache_2.eps>
File: cache_3.eps Graphic file (type eps)
 <cache_3.eps>
File: query_1.eps Graphic file (type eps)
 <query_1.eps>
File: query_2.eps Graphic file (type eps)
 <query_2.eps>
File: query_3.eps Graphic file (type eps)

<query_3.eps> [5]
File: evenNet.eps Graphic file (type eps)
 <evenNet.eps> [6]
File: hist_c.eps Graphic file (type eps)
 <hist_c.eps>
File: hist_q.eps Graphic file (type eps)
 <hist_q.eps>

Package amsmath Warning: Foreign command \atopwithdelims;
(amsmath)                \frac or \genfrac should be used instead
(amsmath)                 on input line 881.


Overfull \hbox (168.71416pt too wide) in alignment at lines 918--924
 [][][] []
 []

[7]
Overfull \hbox (168.71416pt too wide) in alignment at lines 949--956
 [][][] []
 []


Overfull \hbox (28.35602pt too wide) in alignment at lines 974--978
 [][][] []
 []

[8]
File: searchtime.eps Graphic file (type eps)
 <searchtime.eps> [9]
File: th_hitrate.eps Graphic file (type eps)
 <th_hitrate.eps>
Overfull \hbox (0.93837pt too wide) in paragraph at lines 1164--1166
 [][] 
 []

File: mishit_logy.ps Graphic file (type eps)
<mishit_logy.ps>
Overfull \hbox (0.93837pt too wide) in paragraph at lines 1170--1172
 [][] 
 []

File: th_hops_loglog.eps Graphic file (type eps)
<th_hops_loglog.eps>
Overfull \hbox (0.93837pt too wide) in paragraph at lines 1205--1207
 [][] 
 []

[10]
File: time1.eps Graphic file (type eps)
 <time1.eps>
Overfull \hbox (0.94499pt too wide) in paragraph at lines 1222--1224
 [][] 
 []


Overfull \hbox (30.50285pt too wide) in alignment at lines 1276--1278
 [][][] []
 []

File: evaluation.eps Graphic file (type eps)
<evaluation.eps>
Overfull \hbox (0.93837pt too wide) in paragraph at lines 1282--1286
 [][] 
 []

[11]
File: queueingmodel.eps Graphic file (type eps)
 <queueingmodel.eps>
File: hit_ch.eps Graphic file (type eps)
 <hit_ch.eps>
Overfull \hbox (0.94499pt too wide) in paragraph at lines 1339--1340
 [][] 
 []

File: stab_cost.eps Graphic file (type eps)
<stab_cost.eps>
Overfull \hbox (0.94499pt too wide) in paragraph at lines 1349--1350
 [][] 
 []

[12]
LaTeX Font Info:    Try loading font information for OT1+pcr on input line 1471
.
 (/usr/share/texmf-texlive/tex/latex/psnfss/ot1pcr.fd
File: ot1pcr.fd 2001/06/04 font definitions for OT1/pcr.
)
File: brunet.eps Graphic file (type eps)
 <brunet.eps>
Overfull \hbox (145.48499pt too wide) in paragraph at lines 1502--1503
 [][] 
 []

[13]
File: mapreduce_query_system.eps Graphic file (type eps)
 <mapreduce_query_system.eps>
Overfull \hbox (109.34999pt too wide) in paragraph at lines 1566--1567
 [][] 
 []

File: mapreduce_tree.eps Graphic file (type eps)
<mapreduce_tree.eps>
Overfull \hbox (131.03122pt too wide) in paragraph at lines 1585--1586
 [][] 
 []

[14]
LaTeX Font Info:    Try loading font information for OMS+ptm on input line 1692
.
 (/usr/share/texmf-texlive/tex/latex/psnfss/omsptm.fd
File: omsptm.fd 
)
LaTeX Font Info:    Font shape `OMS/ptm/m/n' in size <10> not available
(Font)              Font shape `OMS/cmsy/m/n' tried instead on input line 1692.

 [15]
File: plab_size.eps Graphic file (type eps)

<plab_size.eps>
File: plab_hit.eps Graphic file (type eps)
 <plab_hit.eps> [16]
File: plab_latency_sec.eps Graphic file (type eps)
 <plab_latency_sec.eps>
File: plab_cost_kb.eps Graphic file (type eps)
 <plab_cost_kb.eps>
File: c_cost_vs_hit1.eps Graphic file (type eps)

<c_cost_vs_hit1.eps>
File: c_cost_vs_hit3.eps Graphic file (type eps)
 <c_cost_vs_hit3.eps> [17]
File: load_bal_hist.eps Graphic file (type eps)
 <load_bal_hist.eps>
File: load_bal_pn.eps Graphic file (type eps)

<load_bal_pn.eps> (./deetoo.bbl [18]
Underfull \hbox (badness 6808) in paragraph at lines 172--174
[]\OT1/ptm/m/n/8 ``Brunet,'' http://boykin.acis.ufl.edu/wiki/index.php/Brunet, 
P. Os-car
 []

) [19] (./deetoo.aux) ) 
Here is how much of TeX's memory you used:
 2727 strings out of 95087
 37169 string characters out of 1183278
 98448 words of memory out of 1500000
 5843 multiletter control sequences out of 10000+50000
 33479 words of font info for 85 fonts, out of 1200000 for 2000
 28 hyphenation exceptions out of 8191
 27i,14n,24p,664b,469s stack positions out of 5000i,500n,6000p,200000b,5000s

Output written on deetoo.dvi (19 pages, 139376 bytes).
